Determining if the pthread_create exist failed with the following output:
Change Dir: /home/pawel/Documents/rozprochy/zad1/cmake-build-debug/CMakeFiles/CMakeTmp

Run Build Command:"/usr/bin/make" "cmTC_41ebf/fast"
/usr/bin/make -f CMakeFiles/cmTC_41ebf.dir/build.make CMakeFiles/cmTC_41ebf.dir/build
make[1]: Entering directory '/home/pawel/Documents/rozprochy/zad1/cmake-build-debug/CMakeFiles/CMakeTmp'
Building C object CMakeFiles/cmTC_41ebf.dir/CheckSymbolExists.c.o
/usr/bin/cc   -std=gnu99 -o CMakeFiles/cmTC_41ebf.dir/CheckSymbolExists.c.o   -c /home/pawel/Documents/rozprochy/zad1/cmake-build-debug/CMakeFiles/CMakeTmp/CheckSymbolExists.c
Linking C executable cmTC_41ebf
/opt/clion-2018.1/bin/cmake/bin/cmake -E cmake_link_script CMakeFiles/cmTC_41ebf.dir/link.txt --verbose=1
/usr/bin/cc      CMakeFiles/cmTC_41ebf.dir/CheckSymbolExists.c.o  -o cmTC_41ebf 
CMakeFiles/cmTC_41ebf.dir/CheckSymbolExists.c.o: In function `main':
CheckSymbolExists.c:(.text+0x16): undefined reference to `pthread_create'
collect2: error: ld returned 1 exit status
CMakeFiles/cmTC_41ebf.dir/build.make:97: recipe for target 'cmTC_41ebf' failed
make[1]: *** [cmTC_41ebf] Error 1
make[1]: Leaving directory '/home/pawel/Documents/rozprochy/zad1/cmake-build-debug/CMakeFiles/CMakeTmp'
Makefile:126: recipe for target 'cmTC_41ebf/fast' failed
make: *** [cmTC_41ebf/fast] Error 2

File /home/pawel/Documents/rozprochy/zad1/cmake-build-debug/CMakeFiles/CMakeTmp/CheckSymbolExists.c:
/* */
#include <pthread.h>

int main(int argc, char** argv)
{
  (void)argv;
#ifndef pthread_create
  return ((int*)(&pthread_create))[argc];
#else
  (void)argc;
  return 0;
#endif
}

